<?xml version="1.0" encoding="UTF-8"?>
<testsuite xmlns:xsi="http://www.w3.org/2001/XMLSchema-instance" xsi:noNamespaceSchemaLocation="https://maven.apache.org/surefire/maven-surefire-plugin/xsd/surefire-test-report.xsd" name="ThreeCardLogicTest" time="0.087" tests="21" errors="0" skipped="0" failures="0">
  <properties>
[...]
</properties>
  <testcase name="Three_kind_1" classname="ThreeCardLogicTest" time="0"/>
  <testcase name="Three_kind_2" classname="ThreeCardLogicTest" time="0"/>
  <testcase name="Three_kind_3" classname="ThreeCardLogicTest" time="0"/>
  <testcase name="flush1" classname="ThreeCardLogicTest" time="0"/>
  <testcase name="flush2" classname="ThreeCardLogicTest" time="0"/>
  <testcase name="flush3" classname="ThreeCardLogicTest" time="0"/>
  <testcase name="flush4" classname="ThreeCardLogicTest" time="0"/>
  <testcase name="flush5" classname="ThreeCardLogicTest" time="0"/>
  <testcase name="straight1" classname="ThreeCardLogicTest" time="0"/>
  <testcase name="straight2" classname="ThreeCardLogicTest" time="0"/>
  <testcase name="straight3" classname="ThreeCardLogicTest" time="0"/>
  <testcase name="straight4" classname="ThreeCardLogicTest" time="0.001"/>
  <testcase name="pair1" classname="ThreeCardLogicTest" time="0.001"/>
  <testcase name="pair2" classname="ThreeCardLogicTest" time="0.001"/>
  <testcase name="pair3" classname="ThreeCardLogicTest" time="0.007"/>
  <testcase name="pair4" classname="ThreeCardLogicTest" time="0.003"/>
  <testcase name="pair5" classname="ThreeCardLogicTest" time="0.002"/>
  <testcase name="Straigth_flush_1" classname="ThreeCardLogicTest" time="0.001"/>
  <testcase name="Straigth_flush_2" classname="ThreeCardLogicTest" time="0.001"/>
  <testcase name="Straigth_flush_3" classname="ThreeCardLogicTest" time="0.001"/>
  <testcase name="Straigth_flush_4" classname="ThreeCardLogicTest" time="0.001"/>
</testsuite>