<?xml version="1.0" encoding="UTF-8"?>
<testsuite xmlns:xsi="http://www.w3.org/2001/XMLSchema-instance" xsi:noNamespaceSchemaLocation="https://maven.apache.org/surefire/maven-surefire-plugin/xsd/surefire-test-report.xsd" name="DeckTest" time="0.323" tests="106" errors="0" skipped="0" failures="0">
  <properties>
[...]
</properties>
  <testcase name="simpleValue" classname="DeckTest" time="0.032"/>
  <testcase name="all3Num" classname="DeckTest" time="0.001"/>
  <testcase name="allSuit" classname="DeckTest" time="0"/>
  <testcase name="NO_ANY_ERROR_TEST" classname="DeckTest" time="0.001"/>
  <testcase name="shuffleSuit" classname="DeckTest" time="0"/>
  <testcase name="repeat1ValueShuffle[1]" classname="DeckTest" time="0.002"/>
  <testcase name="repeat1ValueShuffle[2]" classname="DeckTest" time="0.001"/>
  <testcase name="repeat1ValueShuffle[3]" classname="DeckTest" time="0.001"/>
  <testcase name="repeat1ValueShuffle[4]" classname="DeckTest" time="0.001"/>
  <testcase name="repeat1ValueShuffle[5]" classname="DeckTest" time="0"/>
  <testcase name="repeat1ValueShuffle[6]" classname="DeckTest" time="0.001"/>
  <testcase name="repeat1ValueShuffle[7]" classname="DeckTest" time="0.001"/>
  <testcase name="repeat1ValueShuffle[8]" classname="DeckTest" time="0.001"/>
  <testcase name="repeat1ValueShuffle[9]" classname="DeckTest" time="0.002"/>
  <testcase name="repeat1ValueShuffle[10]" classname="DeckTest" time="0"/>
  <testcase name="repeat1ValueShuffle[11]" classname="DeckTest" time="0.002"/>
  <testcase name="repeat1ValueShuffle[12]" classname="DeckTest" time="0.001"/>
  <testcase name="repeat1ValueShuffle[13]" classname="DeckTest" time="0.001"/>
  <testcase name="repeat1ValueShuffle[14]" classname="DeckTest" time="0"/>
  <testcase name="repeat1ValueShuffle[15]" classname="DeckTest" time="0.001"/>
  <testcase name="repeat1ValueShuffle[16]" classname="DeckTest" time="0.002"/>
  <testcase name="repeat1ValueShuffle[17]" classname="DeckTest" time="0.001"/>
  <testcase name="repeat1ValueShuffle[18]" classname="DeckTest" time="0.001"/>
  <testcase name="repeat1ValueShuffle[19]" classname="DeckTest" time="0.001"/>
  <testcase name="repeat1ValueShuffle[20]" classname="DeckTest" time="0.001"/>
  <testcase name="repeat1ValueShuffle[21]" classname="DeckTest" time="0"/>
  <testcase name="repeat1ValueShuffle[22]" classname="DeckTest" time="0.003"/>
  <testcase name="repeat1ValueShuffle[23]" classname="DeckTest" time="0.001"/>
  <testcase name="repeat1ValueShuffle[24]" classname="DeckTest" time="0"/>
  <testcase name="repeat1ValueShuffle[25]" classname="DeckTest" time="0.001"/>
  <testcase name="repeat1ValueShuffle[26]" classname="DeckTest" time="0.001"/>
  <testcase name="repeat1ValueShuffle[27]" classname="DeckTest" time="0.001"/>
  <testcase name="repeat1ValueShuffle[28]" classname="DeckTest" time="0.002"/>
  <testcase name="repeat1ValueShuffle[29]" classname="DeckTest" time="0.001"/>
  <testcase name="repeat1ValueShuffle[30]" classname="DeckTest" time="0.001"/>
  <testcase name="repeat1Value[1]" classname="DeckTest" time="0.002"/>
  <testcase name="repeat1Value[2]" classname="DeckTest" time="0.001"/>
  <testcase name="repeat1Value[3]" classname="DeckTest" time="0.004"/>
  <testcase name="repeat1Value[4]" classname="DeckTest" time="0.015"/>
  <testcase name="repeat1Value[5]" classname="DeckTest" time="0.001"/>
  <testcase name="repeat1Value[6]" classname="DeckTest" time="0"/>
  <testcase name="repeat1Value[7]" classname="DeckTest" time="0.001"/>
  <testcase name="repeat1Value[8]" classname="DeckTest" time="0"/>
  <testcase name="repeat1Value[9]" classname="DeckTest" time="0.001"/>
  <testcase name="repeat1Value[10]" classname="DeckTest" time="0.001"/>
  <testcase name="repeat1Value[11]" classname="DeckTest" time="0.001"/>
  <testcase name="repeat1Value[12]" classname="DeckTest" time="0.001"/>
  <testcase name="repeat1Value[13]" classname="DeckTest" time="0.002"/>
  <testcase name="repeat1Value[14]" classname="DeckTest" time="0"/>
  <testcase name="repeat1Value[15]" classname="DeckTest" time="0"/>
  <testcase name="repeat1Value[16]" classname="DeckTest" time="0"/>
  <testcase name="repeat1Value[17]" classname="DeckTest" time="0"/>
  <testcase name="repeat1Value[18]" classname="DeckTest" time="0.001"/>
  <testcase name="repeat1Value[19]" classname="DeckTest" time="0.001"/>
  <testcase name="repeat1Value[20]" classname="DeckTest" time="0"/>
  <testcase name="repeat1Value[21]" classname="DeckTest" time="0"/>
  <testcase name="repeat1Value[22]" classname="DeckTest" time="0"/>
  <testcase name="repeat1Value[23]" classname="DeckTest" time="0.001"/>
  <testcase name="repeat1Value[24]" classname="DeckTest" time="0"/>
  <testcase name="repeat1Value[25]" classname="DeckTest" time="0.001"/>
  <testcase name="repeat1Value[26]" classname="DeckTest" time="0.001"/>
  <testcase name="repeat1Value[27]" classname="DeckTest" time="0"/>
  <testcase name="repeat1Value[28]" classname="DeckTest" time="0"/>
  <testcase name="repeat1Value[29]" classname="DeckTest" time="0.001"/>
  <testcase name="repeat1Value[30]" classname="DeckTest" time="0.001"/>
  <testcase name="repeat2Value[1]" classname="DeckTest" time="0.001"/>
  <testcase name="repeat2Value[2]" classname="DeckTest" time="0"/>
  <testcase name="repeat2Value[3]" classname="DeckTest" time="0"/>
  <testcase name="repeat2Value[4]" classname="DeckTest" time="0"/>
  <testcase name="repeat2Value[5]" classname="DeckTest" time="0"/>
  <testcase name="repeat2Value[6]" classname="DeckTest" time="0.003"/>
  <testcase name="repeat2Value[7]" classname="DeckTest" time="0"/>
  <testcase name="repeat2Value[8]" classname="DeckTest" time="0"/>
  <testcase name="repeat2Value[9]" classname="DeckTest" time="0"/>
  <testcase name="repeat2Value[10]" classname="DeckTest" time="0"/>
  <testcase name="repeat2Value[11]" classname="DeckTest" time="0.002"/>
  <testcase name="repeat2Value[12]" classname="DeckTest" time="0"/>
  <testcase name="repeat2Value[13]" classname="DeckTest" time="0"/>
  <testcase name="repeat2Value[14]" classname="DeckTest" time="0"/>
  <testcase name="repeat2Value[15]" classname="DeckTest" time="0.001"/>
  <testcase name="repeat2Value[16]" classname="DeckTest" time="0.001"/>
  <testcase name="repeat2Value[17]" classname="DeckTest" time="0.001"/>
  <testcase name="repeat2Value[18]" classname="DeckTest" time="0"/>
  <testcase name="repeat2Value[19]" classname="DeckTest" time="0"/>
  <testcase name="repeat2Value[20]" classname="DeckTest" time="0.002"/>
  <testcase name="repeat2Value[21]" classname="DeckTest" time="0"/>
  <testcase name="repeat2Value[22]" classname="DeckTest" time="0.001"/>
  <testcase name="repeat2Value[23]" classname="DeckTest" time="0.001"/>
  <testcase name="repeat2Value[24]" classname="DeckTest" time="0"/>
  <testcase name="repeat2Value[25]" classname="DeckTest" time="0"/>
  <testcase name="repeat2Value[26]" classname="DeckTest" time="0"/>
  <testcase name="repeat2Value[27]" classname="DeckTest" time="0"/>
  <testcase name="repeat2Value[28]" classname="DeckTest" time="0.001"/>
  <testcase name="repeat2Value[29]" classname="DeckTest" time="0.001"/>
  <testcase name="repeat2Value[30]" classname="DeckTest" time="0.001"/>
  <testcase name="repeat2Value[31]" classname="DeckTest" time="0.002"/>
  <testcase name="repeat2Value[32]" classname="DeckTest" time="0"/>
  <testcase name="repeat2Value[33]" classname="DeckTest" time="0.001"/>
  <testcase name="repeat2Value[34]" classname="DeckTest" time="0"/>
  <testcase name="repeat2Value[35]" classname="DeckTest" time="0"/>
  <testcase name="repeat2Value[36]" classname="DeckTest" time="0"/>
  <testcase name="repeat2Value[37]" classname="DeckTest" time="0.001"/>
  <testcase name="repeat2Value[38]" classname="DeckTest" time="0.001"/>
  <testcase name="repeat2Value[39]" classname="DeckTest" time="0"/>
  <testcase name="repeat2Value[40]" classname="DeckTest" time="0"/>
  <testcase name="checkSizeShuffle" classname="DeckTest" time="0"/>
</testsuite>